Arguments: 
  C:\Program Files\nodejs\node.exe C:\Users\resoa\AppData\Roaming\npm\node_modules\yarn\bin\yarn.js install

PATH: 
  C:\Windows\system32;C:\Windows;C:\Windows\System32\Wbem;C:\Windows\System32\WindowsPowerShell\v1.0\;C:\Windows\System32\OpenSSH\;C:\Program Files (x86)\NVIDIA Corporation\PhysX\Common;C:\Program Files\NVIDIA Corporation\NVIDIA NvDLISR;C:\MinGW\bin;C:\Program Files\dotnet\;C:\Program Files\nodejs\;C:\Program Files\Git\cmd;C:\Users\resoa\AppData\Local\Microsoft\WindowsApps;C:\Users\resoa\AppData\Local\Programs\Microsoft VS Code\bin;C:\Users\resoa\.dotnet\tools;C:\Users\resoa\AppData\Local\GitHubDesktop\bin;C:\Users\resoa\AppData\Roaming\npm

Yarn version: 
  1.22.19

Node version: 
  16.16.0

Platform: 
  win32 x64

Trace: 
  Error: EPERM: operation not permitted, copyfile 'C:\Users\resoa\AppData\Local\Yarn\Cache\v6\npm-es5-ext-0.10.62-5e6adc19a6da524bf3d1e02bbc8960e5eb49a9a5-integrity\node_modules\es5-ext\_postinstall.js' -> 'F:\Code\todolist_blockchain\node_modules\es5-ext\_postinstall.js'

npm manifest: 
  {
    "dependencies": {
      "@nomiclabs/hardhat-ethers": "^2.1.1",
      "@nomiclabs/hardhat-waffle": "^2.0.3",
      "@openzeppelin/contracts": "^4.7.3",
      "chai": "^4.3.6",
      "dotenv": "^16.0.2",
      "ethereum-waffle": "^3.4.4",
      "ethers": "^5.7.0"
    },
    "devDependencies": {
      "@nomicfoundation/hardhat-toolbox": "^1.0.1",
      "gh-pages": "^4.0.0",
      "hardhat": "^2.11.1"
    }
  }

yarn manifest: 
  No manifest

Lockfile: 
  No lockfile
